{
  "cycle": 2,
  "timestamp": "2026-01-01T03:42:45.283489+00:00",
  "code_review": {
    "esp32": {
      "success": true,
      "output": "\nCompleted a review of the ESP32 firmware code. Summary:\n\n## Critical issues found\n\n1. Memory leaks \u2014 4 objects allocated with `new` but never deleted in `main.cpp`\n2. Blocking delays \u2014 `delay()` in main loop blocks FreeRTOS scheduler\n3. FFT dynamic allocation \u2014 Heap fragmentation risk in hot path\n4. Race conditions \u2014 Log buffer accessed without synchronization\n5. Hardcoded WiFi credentials \u2014 Security vulnerability\n\n## Performance issues\n\n- Inefficient O(n) buffer shifting called at 25kHz\n- String concatenation in API responses causing heap fragmentation\n- Excessive serial logging (250 logs/second)\n\n## Best practice violations\n\n- Missing null pointer checks\n- Inconsistent error handling\n- Missing watchdog feeding\n- Unsafe task deletion\n\n## Review document\n\nCreated `ESP32_FIRMWARE_CODE_REVIEW_2025.md` with:\n- 15 critical issues with code examples\n- 12 performance concerns\n- 8 best practice violations\n- Prioritized recommendations\n- Code fixes for each issue\n\n## Immediate actions\n\n1. Fix memory leaks \u2014 use smart pointers or proper cleanup\n2. Remove blocking delays \u2014 use `vTaskDelay()` instead of `delay()`\n3. Fix timer initialization \u2014 `timer` is never initialized but used\n4. Remove hardcoded credentials \u2014 use NVS for WiFi credentials\n5. Fix FFT allocation \u2014 always use pre-allocated buffers\n\nThe review follows ESP32 debugging workflow principles, focusing on memory safety, FreeRTOS task management, and embedded system best practices.\n\nShould I:\n1. Create fixes for the critical issues?\n2. Generate a prioritized action plan?\n3. Review specific files in more detail?\n\nError (unhandledRejection): MCP error -32000: Connection closed\nMcpError: MCP error -32000: Connection closed\n    at Client._onclose (/home/sparrow/.local/share/cursor-agent/versions/2025.12.17-996666f/index.js:9668:23)\n    at _transport.onclose (/home/sparrow/.local/share/cursor-agent/versions/2025.12.17-996666f/index.js:9635:18)\n    at ChildProcess.<anonymous> (/home/sparrow/.local/share/cursor-agent/versions/2025.12.17-996666f/index.js:164716:77)\n    at ChildProcess.emit (node:events:507:28)\n    at ChildProcess.emit (node:domain:489:12)\n    at maybeClose (node:internal/child_process:1101:16)\n    at Socket.<anonymous> (node:internal/child_process:457:11)\n    at Socket.emit (node:events:507:28)\n    at Socket.emit (node:domain:489:12)\n    at Pipe.<anonymous> (node:net:346:12)\n",
      "metrics": {
        "execution_time_ms": 119096.28438949585,
        "exit_code": 0,
        "output_length": 2375
      },
      "issues_found": 1,
      "issues": [
        "Potential issues found in code review"
      ]
    },
    "android": {
      "success": true,
      "output": "\n## Summary\n\nCompleted a review of the Android app code. Found 30 issues across 4 severity levels.\n\n### Critical issues (6)\n1. Memory leak: ViewModel observers not removed \u2014 `observeForever` in `BPMViewModel` can leak if service is destroyed\n2. NPE risk: Force unwrap in `MainActivity` \u2014 `bpmService!!` can crash\n3. Race condition: Service binding may occur before ViewModel initialization\n4. Resource leak: `AudioRecord` not always released on error paths\n5. Coroutine scope leak: `LocalBPMDetector` scope not cancelled if `release()` isn't called\n6. Double state updates: Both LiveData and StateFlow updated, causing unnecessary recompositions\n\n### High priority (8)\n- Main thread blocking in network operations\n- Hardcoded cleartext traffic (security risk)\n- WiFi BroadcastReceiver may not be unregistered\n- FFT implementation performance concerns\n- Missing input validation for IP addresses\n- HTTP logging enabled in production builds\n\n### Medium priority (10)\n- Magic numbers and hardcoded constants\n- Missing unit tests\n- Device info loading blocks UI thread\n- Code duplication\n- Missing ProGuard rules\n\n### Low priority (6)\n- Inconsistent naming conventions\n- Missing documentation\n- Hardcoded strings instead of resources\n- Missing accessibility support\n\n## Recommendations\n\n1. Immediate: Fix memory leaks and NPE risks\n2. Security: Add network security configuration to restrict cleartext traffic\n3. Performance: Optimize Compose recompositions and move heavy operations off the main thread\n4. Testing: Add unit and integration tests\n5. Architecture: Consider splitting the ViewModel and using a Repository pattern\n\nFull details are in `android-app/CODE_REVIEW.md`, including code examples, explanations, and suggested fixes for each issue.\n\nThe codebase is well-structured and uses modern Android practices, but needs attention to memory management, error handling, and performance optimization.\n\nError (unhandledRejection): MCP error -32000: Connection closed\nMcpError: MCP error -32000: Connection closed\n    at Client._onclose (/home/sparrow/.local/share/cursor-agent/versions/2025.12.17-996666f/index.js:9668:23)\n    at _transport.onclose (/home/sparrow/.local/share/cursor-agent/versions/2025.12.17-996666f/index.js:9635:18)\n    at ChildProcess.<anonymous> (/home/sparrow/.local/share/cursor-agent/versions/2025.12.17-996666f/index.js:164716:77)\n    at ChildProcess.emit (node:events:507:28)\n    at ChildProcess.emit (node:domain:489:12)\n    at maybeClose (node:internal/child_process:1101:16)\n    at Socket.<anonymous> (node:internal/child_process:457:11)\n    at Socket.emit (node:events:507:28)\n    at Socket.emit (node:domain:489:12)\n    at Pipe.<anonymous> (node:net:346:12)\n",
      "metrics": {
        "execution_time_ms": 106233.82067680359,
        "exit_code": 0,
        "output_length": 2694
      },
      "issues_found": 1,
      "issues": [
        "Potential issues found in code review"
      ]
    }
  },
  "esp32_build": {
    "success": true,
    "output": "Processing esp32-s3 (platform: espressif32@6.4.0; board: esp32-s3-devkitc-1; framework: arduino)\n--------------------------------------------------------------------------------\nLibrary Manager: Installing me-no-dev/ESPAsyncWebServer @ ^1.2.3\nUnpacking 0% 10% 20% 30% 40% 50% 60% 70% 80% 90% 100%\nLibrary Manager: ESP Async WebServer@1.2.4 has been installed!\nLibrary Manager: Resolving dependencies...\nVerbose mode can be enabled via `-v, --verbose` option\nCONFIGURATION: https://docs.platformio.org/page/boards/espressif32/esp32-s3-devkitc-1.html\nPLATFORM: Espressif 32 (6.4.0) > Espressif ESP32-S3-DevKitC-1-N8 (8 MB QD, No PSRAM)\nHARDWARE: ESP32S3 240MHz, 320KB RAM, 8MB Flash\nDEBUG: Current (esp-builtin) On-board (esp-builtin) External (cmsis-dap, esp-bridge, esp-prog, iot-bus-jtag, jlink, minimodule, olimex-arm-usb-ocd, olimex-arm-usb-ocd-h, olimex-arm-usb-tiny-h, olimex-jtag-tiny, tumpa)\nPACKAGES: \n - framework-arduinoespressif32 @ 3.20011.230801 (2.0.11) \n - tool-esptoolpy @ 1.40501.0 (4.5.1) \n - tool-openocd-esp32 @ 2.1100.20220706 (11.0) \n - toolchain-riscv32-esp @ 8.4.0+2021r2-patch5 \n - toolchain-xtensa-esp32s3 @ 8.4.0+2021r2-patch5\nLDF: Library Dependency Finder -> https://bit.ly/configure-pio-ldf\nLDF Modes: Finder ~ chain, Compatibility ~ soft\nLibrary Manager: Installing me-no-dev/ESPAsyncWebServer @ ^1.2.3\nUnpacking 0% 10% 20% 30% 40% 50% 60% 70% 80% 90% 100%\nLibrary Manager: ESP Async WebServer@1.2.4 has been installed!\nLibrary Manager: Resolving dependencies...\nLibrary Manager: Installing Hash\nFound 40 compatible libraries\nScanning dependencies...\nDependency Graph\n|-- arduinoFFT @ 1.6.2\n|-- ArduinoJson @ 6.21.5\n|-- flatbuffers @ 25.12.19+sha.8914d06\n|-- FastLED @ 3.10.3\n|-- WebServer @ 2.0.0\n|-- WiFi @ 2.0.0\n|-- Wire @ 2.0.0\n|-- ESP Async WebServer @ 1.2.4\n|-- ArduinoOTA @ 2.0.0\n|-- ESPmDNS @ 2.0.0\nBuilding in release mode\nRetrieving maximum program size .pio/build/esp32-s3/firmware.elf\nChecking size .pio/build/esp32-s3/firmware.elf\nAdvanced Memory Usage is available via \"PlatformIO Home > Project Inspect\"\nRAM:   [==        ]  22.3% (used 73144 bytes from 327680 bytes)\nFlash: [===       ]  26.2% (used 874133 bytes from 3342336 bytes)\n========================= [SUCCESS] Took 70.50 seconds =========================\n\nEnvironment    Status    Duration\n-------------  --------  ------------\nesp32-s3       SUCCESS   00:01:10.501\n========================= 1 succeeded in 00:01:10.501 =========================\n",
    "metrics": {
      "execution_time_ms": 76908.864736557,
      "exit_code": 0,
      "build_size": "HARDWARE: ESP32S3 240MHz, 320KB RAM, 8MB Flash"
    },
    "environment": "esp32-s3"
  },
  "android_build": {
    "success": true,
    "output": "> Task :app:preBuild UP-TO-DATE\n> Task :app:preDebugBuild UP-TO-DATE\n> Task :app:mergeDebugNativeDebugMetadata NO-SOURCE\n> Task :app:checkKotlinGradlePluginConfigurationErrors\n> Task :app:dataBindingMergeDependencyArtifactsDebug UP-TO-DATE\n> Task :app:generateDebugResValues UP-TO-DATE\n> Task :app:generateDebugResources UP-TO-DATE\n> Task :app:mergeDebugResources UP-TO-DATE\n> Task :app:packageDebugResources UP-TO-DATE\n> Task :app:parseDebugLocalResources UP-TO-DATE\n> Task :app:dataBindingGenBaseClassesDebug UP-TO-DATE\n> Task :app:generateDebugBuildConfig UP-TO-DATE\n> Task :app:checkDebugAarMetadata UP-TO-DATE\n> Task :app:mapDebugSourceSetPaths UP-TO-DATE\n> Task :app:createDebugCompatibleScreenManifests UP-TO-DATE\n> Task :app:extractDeepLinksDebug UP-TO-DATE\n> Task :app:processDebugMainManifest UP-TO-DATE\n> Task :app:processDebugManifest UP-TO-DATE\n> Task :app:processDebugManifestForPackage UP-TO-DATE\n> Task :app:processDebugResources UP-TO-DATE\n> Task :app:kaptGenerateStubsDebugKotlin UP-TO-DATE\n> Task :app:kaptDebugKotlin SKIPPED\n> Task :app:compileDebugKotlin UP-TO-DATE\n> Task :app:javaPreCompileDebug UP-TO-DATE\n> Task :app:compileDebugJavaWithJavac UP-TO-DATE\n> Task :app:mergeDebugShaders UP-TO-DATE\n> Task :app:compileDebugShaders NO-SOURCE\n> Task :app:generateDebugAssets UP-TO-DATE\n> Task :app:mergeDebugAssets UP-TO-DATE\n> Task :app:compressDebugAssets UP-TO-DATE\n> Task :app:desugarDebugFileDependencies UP-TO-DATE\n> Task :app:dexBuilderDebug UP-TO-DATE\n> Task :app:mergeDebugGlobalSynthetics UP-TO-DATE\n> Task :app:processDebugJavaRes UP-TO-DATE\n> Task :app:mergeDebugJavaResource UP-TO-DATE\n> Task :app:checkDebugDuplicateClasses UP-TO-DATE\n> Task :app:mergeExtDexDebug UP-TO-DATE\n> Task :app:mergeLibDexDebug UP-TO-DATE\n> Task :app:mergeProjectDexDebug UP-TO-DATE\n> Task :app:mergeDebugJniLibFolders UP-TO-DATE\n> Task :app:mergeDebugNativeLibs NO-SOURCE\n> Task :app:stripDebugDebugSymbols NO-SOURCE\n> Task :app:validateSigningDebug UP-TO-DATE\n> Task :app:writeDebugAppMetadata UP-TO-DATE\n> Task :app:writeDebugSigningConfigVersions UP-TO-DATE\n> Task :app:packageDebug UP-TO-DATE\n> Task :app:createDebugApkListingFileRedirect UP-TO-DATE\n> Task :app:assembleDebug UP-TO-DATE\n\nBUILD SUCCESSFUL in 18s\n38 actionable tasks: 1 executed, 37 up-to-date\n",
    "metrics": {
      "execution_time_ms": 19759.441375732422,
      "exit_code": 0,
      "apk_path": "/home/sparrow/projects/embedded-systems/esp32-bpm-detector/android-app/app/build/outputs/apk/debug/app-debug.apk"
    },
    "build_type": "debug"
  },
  "esp32_test": {
    "success": false,
    "output": "ESP32 BPM Detector - Enhanced Test Runner\n============================================================\nPlatform: Linux x86_64\nPython: 3.12.3\n\n\ud83e\uddea Running Hardware Emulation Tests\n----------------------------------------\n\u274c Hardware emulation tests failed\n============================= test session starts ==============================\nplatform linux -- Python 3.12.3, pytest-9.0.2, pluggy-1.6.0 -- /home/sparrow/sparetools/packages/foundation/sparetools-base/test_env/bin/python\ncachedir: .pytest_cache\nrootdir: /home/sparrow/projects/embedded-systems/esp32-bpm-detector\nplugins: cov-7.0.0\ncollecting ... collected 0 items\nINTERNALERROR> Traceback (most recent call last):\nINTERNALERROR>   File \"/home/sparrow/projects/embedded-systems/esp32-bpm-detector/tests/integration/test_hardware_emulation.py\", line 24, in <module>\nINTERNALERROR>     from mcp.servers.python.unified_deployment.unified_deployment_mcp_server import HardwareEmulator\nINTERNALERROR> ModuleNotFoundError: No module named 'mcp'\nINTERNALERROR> \nINTERNALERROR> During handling of the above exception, another exception occurred:\nINTERNALERROR> \nINTERNALERROR> Traceback (most recent call last):\nINTERNALERROR>   File \"/home/sparrow/mcp/servers/python/unified_deployment/unified_deployment_mcp_server.py\", line 483, in <module>\nINTERNALERROR>     from mcp.server import FastMCP\nINTERNALERROR> ModuleNotFoundError: No module named 'mcp'\nINTERNALERROR> \nINTERNALERROR> During handling of the above exception, another exception occurred:\nINTERNALERROR> \nINTERNALERROR> Traceback (most recent call last):\nINTERNALERROR>   File \"/home/sparrow/sparetools/packages/foundation/sparetools-base/test_env/lib/python3.12/site-packages/_pytest/main.py\", line 318, in wrap_session\nINTERNALERROR>     session.exitstatus = doit(config, session) or 0\nINTERNALERROR>                          ^^^^^^^^^^^^^^^^^^^^^\nINTERNALERROR>   File \"/home/sparrow/sparetools/packages/foundation/sparetools-base/test_env/lib/python3.12/site-packages/_pytest/main.py\", line 371, in _main\nINTERNALERROR>     config.hook.pytest_collection(session=session)\nINTERNALERROR>   File \"/home/sparrow/sparetools/packages/foundation/sparetools-base/test_env/lib/python3.12/site-packages/pluggy/_hooks.py\", line 512, in __call__\nINTERNALERROR>     return self._hookexec(self.name, self._hookimpls.copy(), kwargs, firstresult)\nINTERNALERROR>            ^^^^^^^^^^^^^^^^^^^^^^^^^^^^^^^^^^^^^^^^^^^^^^^^^^^^^^^^^^^^^^^^^^^^^^\nINTERNALERROR>   File \"/home/sparrow/sparetools/packages/foundation/sparetools-base/test_env/lib/python3.12/site-packages/pluggy/_manager.py\", line 120, in _hookexec\nINTERNALERROR>     return self._inner_hookexec(hook_name, methods, kwargs, firstresult)\nINTERNALERROR>            ^^^^^^^^^^^^^^^^^^^^^^^^^^^^^^^^^^^^^^^^^^^^^^^^^^^^^^^^^^^^^\nINTERNALERROR>   File \"/home/sparrow/sparetools/packages/foundation/sparetools-base/test_env/lib/python3.12/site-packages/pluggy/_callers.py\", line 167, in _multicall\nINTERNALERROR>     raise exception\nINTERNALERROR>   File \"/home/sparrow/sparetools/packages/foundation/sparetools-base/test_env/lib/python3.12/site-packages/pluggy/_callers.py\", line 139, in _multicall\nINTERNALERROR>     teardown.throw(exception)\nINTERNALERROR>   File \"/home/sparrow/sparetools/packages/foundation/sparetools-base/test_env/lib/python3.12/site-packages/_pytest/logging.py\", line 788, in pytest_collection\nINTERNALERROR>     return (yield)\nINTERNALERROR>             ^^^^^\nINTERNALERROR>   File \"/home/sparrow/sparetools/packages/foundation/sparetools-base/test_env/lib/python3.12/site-packages/pluggy/_callers.py\", line 139, in _multicall\nINTERNALERROR>     teardown.throw(exception)\nINTERNALERROR>   File \"/home/sparrow/sparetools/packages/foundation/sparetools-base/test_env/lib/python3.12/site-packages/_pytest/warnings.py\", line 98, in pytest_collection\nINTERNALERROR>     return (yield)\nINTERNALERROR>             ^^^^^\nINTERNALERROR>   File \"/home/sparrow/sparetools/packages/foundation/sparetools-base/test_env/lib/python3.12/site-packages/pluggy/_callers.py\", line 139, in _multicall\nINTERNALERROR>     teardown.throw(exception)\nINTERNALERROR>   File \"/home/sparrow/sparetools/packages/foundation/sparetools-base/test_env/lib/python3.12/site-packages/_pytest/config/__init__.py\", line 1403, in pytest_collection\nINTERNALERROR>     return (yield)\nINTERNALERROR>             ^^^^^\nINTERNALERROR>   File \"/home/sparrow/sparetools/packages/foundation/sparetools-base/test_env/lib/python3.12/site-packages/pluggy/_callers.py\", line 121, in _multicall\nINTERNALERROR>     res = hook_impl.function(*args)\nINTERNALERROR>           ^^^^^^^^^^^^^^^^^^^^^^^^^\nINTERNALERROR>   File \"/home/sparrow/sparetools/packages/foundation/sparetools-base/test_env/lib/python3.12/site-packages/_pytest/main.py\", line 382, in pytest_collection\nINTERNALERROR>     session.perform_collect()\nINTERNALERROR>   File \"/home/sparrow/sparetools/packages/foundation/sparetools-base/test_env/lib/python3.12/site-packages/_pytest/main.py\", line 857, in perform_collect\nINTERNALERROR>     self.items.extend(self.genitems(node))\nINTERNALERROR>   File \"/home/sparrow/sparetools/packages/foundation/sparetools-base/test_env/lib/python3.12/site-packages/_pytest/main.py\", line 1020, in genitems\nINTERNALERROR>     rep, duplicate = self._collect_one_node(node, handle_dupes)\nINTERNALERROR>                      ^^^^^^^^^^^^^^^^^^^^^^^^^^^^^^^^^^^^^^^^^^\nINTERNALERROR>   File \"/home/sparrow/sparetools/packages/foundation/sparetools-base/test_env/lib/python3.12/site-packages/_pytest/main.py\", line 883, in _collect_one_node\nINTERNALERROR>     rep = collect_one_node(node)\nINTERNALERROR>           ^^^^^^^^^^^^^^^^^^^^^^\nINTERNALERROR>   File \"/home/sparrow/sparetools/packages/foundation/sparetools-base/test_env/lib/python3.12/site-packages/_pytest/runner.py\", line 576, in collect_one_node\nINTERNALERROR>     rep: CollectReport = ihook.pytest_make_collect_report(collector=collector)\nINTERNALERROR>                          ^^^^^^^^^^^^^^^^^^^^^^^^^^^^^^^^^^^^^^^^^^^^^^^^^^^^^\nINTERNALERROR>   File \"/home/sparrow/sparetools/packages/foundation/sparetools-base/test_env/lib/python3.12/site-packages/pluggy/_hooks.py\", line 512, in __call__\nINTERNALERROR>     return self._hookexec(self.name, self._hookimpls.copy(), kwargs, firstresult)\nINTERNALERROR>            ^^^^^^^^^^^^^^^^^^^^^^^^^^^^^^^^^^^^^^^^^^^^^^^^^^^^^^^^^^^^^^^^^^^^^^\nINTERNALERROR>   File \"/home/sparrow/sparetools/packages/foundation/sparetools-base/test_env/lib/python3.12/site-packages/pluggy/_manager.py\", line 120, in _hookexec\nINTERNALERROR>     return self._inner_hookexec(hook_name, methods, kwargs, firstresult)\nINTERNALERROR>            ^^^^^^^^^^^^^^^^^^^^^^^^^^^^^^^^^^^^^^^^^^^^^^^^^^^^^^^^^^^^^\nINTERNALERROR>   File \"/home/sparrow/sparetools/packages/foundation/sparetools-base/test_env/lib/python3.12/site-packages/pluggy/_callers.py\", line 167, in _multicall\nINTERNALERROR>     raise exception\nINTERNALERROR>   File \"/home/sparrow/sparetools/packages/foundation/sparetools-base/test_env/lib/python3.12/site-packages/pluggy/_callers.py\", line 139, in _multicall\nINTERNALERROR>     teardown.throw(exception)\nINTERNALERROR>   File \"/home/sparrow/sparetools/packages/foundation/sparetools-base/test_env/lib/python3.12/site-packages/_pytest/capture.py\", line 880, in pytest_make_collect_report\nINTERNALERROR>     rep = yield\nINTERNALERROR>           ^^^^^\nINTERNALERROR>   File \"/home/sparrow/sparetools/packages/foundation/sparetools-base/test_env/lib/python3.12/site-packages/pluggy/_callers.py\", line 121, in _multicall\nINTERNALERROR>     res = hook_impl.function(*args)\nINTERNALERROR>           ^^^^^^^^^^^^^^^^^^^^^^^^^\nINTERNALERROR>   File \"/home/sparrow/sparetools/packages/foundation/sparetools-base/test_env/lib/python3.12/site-packages/_pytest/runner.py\", line 400, in pytest_make_collect_report\nINTERNALERROR>     call = CallInfo.from_call(\nINTERNALERROR>            ^^^^^^^^^^^^^^^^^^^\nINTERNALERROR>   File \"/home/sparrow/sparetools/packages/foundation/sparetools-base/test_env/lib/python3.12/site-packages/_pytest/runner.py\", line 353, in from_call\nINTERNALERROR>     result: TResult | None = func()\nINTERNALERROR>                              ^^^^^^\nINTERNALERROR>   File \"/home/sparrow/sparetools/packages/foundation/sparetools-base/test_env/lib/python3.12/site-packages/_pytest/runner.py\", line 398, in collect\nINTERNALERROR>     return list(collector.collect())\nINTERNALERROR>                 ^^^^^^^^^^^^^^^^^^^\nINTERNALERROR>   File \"/home/sparrow/sparetools/packages/foundation/sparetools-base/test_env/lib/python3.12/site-packages/_pytest/python.py\", line 563, in collect\nINTERNALERROR>     self._register_setup_module_fixture()\nINTERNALERROR>   File \"/home/sparrow/sparetools/packages/foundation/sparetools-base/test_env/lib/python3.12/site-packages/_pytest/python.py\", line 576, in _register_setup_module_fixture\nINTERNALERROR>     self.obj, (\"setUpModule\", \"setup_module\")\nINTERNALERROR>     ^^^^^^^^\nINTERNALERROR>   File \"/home/sparrow/sparetools/packages/foundation/sparetools-base/test_env/lib/python3.12/site-packages/_pytest/python.py\", line 289, in obj\nINTERNALERROR>     self._obj = obj = self._getobj()\nINTERNALERROR>                       ^^^^^^^^^^^^^^\nINTERNALERROR>   File \"/home/sparrow/sparetools/packages/foundation/sparetools-base/test_env/lib/python3.12/site-packages/_pytest/python.py\", line 560, in _getobj\nINTERNALERROR>     return importtestmodule(self.path, self.config)\nINTERNALERROR>            ^^^^^^^^^^^^^^^^^^^^^^^^^^^^^^^^^^^^^^^^\nINTERNALERROR>   File \"/home/sparrow/sparetools/packages/foundation/sparetools-base/test_env/lib/python3.12/site-packages/_pytest/python.py\", line 507, in importtestmodule\nINTERNALERROR>     mod = import_path(\nINTERNALERROR>           ^^^^^^^^^^^^\nINTERNALERROR>   File \"/home/sparrow/sparetools/packages/foundation/sparetools-base/test_env/lib/python3.12/site-packages/_pytest/pathlib.py\", line 587, in import_path\nINTERNALERROR>     importlib.import_module(module_name)\nINTERNALERROR>   File \"/usr/lib/python3.12/importlib/__init__.py\", line 90, in import_module\nINTERNALERROR>     return _bootstrap._gcd_import(name[level:], package, level)\nINTERNALERROR>            ^^^^^^^^^^^^^^^^^^^^^^^^^^^^^^^^^^^^^^^^^^^^^^^^^^^^\nINTERNALERROR>   File \"<frozen importlib._bootstrap>\", line 1387, in _gcd_import\nINTERNALERROR>   File \"<frozen importlib._bootstrap>\", line 1360, in _find_and_load\nINTERNALERROR>   File \"<frozen importlib._bootstrap>\", line 1331, in _find_and_load_unlocked\nINTERNALERROR>   File \"<frozen importlib._bootstrap>\", line 935, in _load_unlocked\nINTERNALERROR>   File \"/home/sparrow/sparetools/packages/foundation/sparetools-base/test_env/lib/python3.12/site-packages/_pytest/assertion/rewrite.py\", line 197, in exec_module\nINTERNALERROR>     exec(co, module.__dict__)\nINTERNALERROR>   File \"/home/sparrow/projects/embedded-systems/esp32-bpm-detector/tests/integration/test_hardware_emulation.py\", line 30, in <module>\nINTERNALERROR>     from unified_deployment_mcp_server import HardwareEmulator\nINTERNALERROR>   File \"/home/sparrow/mcp/servers/python/unified_deployment/unified_deployment_mcp_server.py\", line 486, in <module>\nINTERNALERROR>     sys.exit(1)\nINTERNALERROR> SystemExit: 1\n\n============================ no tests ran in 1.30s =============================\n\nmainloop: caught unexpected SystemExit!\n\n\n============================================================\nTEST SUMMARY\n============================================================\nEMULATOR Tests: FAILED\n\nTest Suites: 1\nPassed: 0\nFailed: 1\nErrors: 0\n\n\u274c Some tests failed or had errors\n",
    "metrics": {
      "execution_time_ms": 7536.299705505371,
      "test_type": "emulator"
    },
    "device_port": null
  },
  "android_test": {
    "success": false,
    "output": "> Task :app:checkKotlinGradlePluginConfigurationErrors\n> Task :app:preBuild UP-TO-DATE\n> Task :app:preDebugBuild UP-TO-DATE\n> Task :app:dataBindingMergeDependencyArtifactsDebug UP-TO-DATE\n> Task :app:generateDebugResValues UP-TO-DATE\n> Task :app:generateDebugResources UP-TO-DATE\n> Task :app:mergeDebugResources UP-TO-DATE\n> Task :app:packageDebugResources UP-TO-DATE\n> Task :app:parseDebugLocalResources UP-TO-DATE\n> Task :app:dataBindingGenBaseClassesDebug UP-TO-DATE\n> Task :app:generateDebugBuildConfig UP-TO-DATE\n> Task :app:checkDebugAarMetadata UP-TO-DATE\n> Task :app:mapDebugSourceSetPaths UP-TO-DATE\n> Task :app:createDebugCompatibleScreenManifests UP-TO-DATE\n> Task :app:extractDeepLinksDebug UP-TO-DATE\n> Task :app:processDebugMainManifest UP-TO-DATE\n> Task :app:processDebugManifest UP-TO-DATE\n> Task :app:processDebugManifestForPackage UP-TO-DATE\n> Task :app:processDebugResources UP-TO-DATE\n> Task :app:kaptGenerateStubsDebugKotlin UP-TO-DATE\n> Task :app:kaptDebugKotlin SKIPPED\n> Task :app:compileDebugKotlin UP-TO-DATE\n> Task :app:javaPreCompileDebug UP-TO-DATE\n> Task :app:compileDebugJavaWithJavac UP-TO-DATE\n> Task :app:bundleDebugClassesToRuntimeJar UP-TO-DATE\n> Task :app:bundleDebugClassesToCompileJar UP-TO-DATE\n> Task :app:kaptGenerateStubsDebugUnitTestKotlin UP-TO-DATE\n> Task :app:kaptDebugUnitTestKotlin SKIPPED\n> Task :app:preDebugUnitTestBuild UP-TO-DATE\n> Task :app:javaPreCompileDebugUnitTest UP-TO-DATE\n> Task :app:processDebugJavaRes UP-TO-DATE\n> Task :app:buildKotlinToolingMetadata UP-TO-DATE\n> Task :app:preReleaseBuild UP-TO-DATE\n> Task :app:dataBindingMergeDependencyArtifactsRelease UP-TO-DATE\n> Task :app:generateReleaseResValues UP-TO-DATE\n> Task :app:generateReleaseResources UP-TO-DATE\n\n> Task :app:compileDebugUnitTestKotlin FAILED\n\n> Task :app:mergeReleaseResources FAILED\n30 actionable tasks: 3 executed, 27 up-to-date\ne: file:///home/sparrow/projects/embedded-systems/esp32-bpm-detector/android-app/app/src/test/java/com/sparesparrow/bpmdetector/network/BPMApiClientTest.kt:8:16 Unresolved reference: mockwebserver\ne: file:///home/sparrow/projects/embedded-systems/esp32-bpm-detector/android-app/app/src/test/java/com/sparesparrow/bpmdetector/network/BPMApiClientTest.kt:9:16 Unresolved reference: mockwebserver\ne: file:///home/sparrow/projects/embedded-systems/esp32-bpm-detector/android-app/app/src/test/java/com/sparesparrow/bpmdetector/network/BPMApiClientTest.kt:20:41 Unresolved reference: MockWebServer\ne: file:///home/sparrow/projects/embedded-systems/esp32-bpm-detector/android-app/app/src/test/java/com/sparesparrow/bpmdetector/network/BPMApiClientTest.kt:25:25 Unresolved reference: MockWebServer\ne: file:///home/sparrow/projects/embedded-systems/esp32-bpm-detector/android-app/app/src/test/java/com/sparesparrow/bpmdetector/network/BPMApiClientTest.kt:56:31 Unresolved reference: MockResponse\ne: file:///home/sparrow/projects/embedded-systems/esp32-bpm-detector/android-app/app/src/test/java/com/sparesparrow/bpmdetector/network/BPMApiClientTest.kt:74:31 Unresolved reference: MockResponse\ne: file:///home/sparrow/projects/embedded-systems/esp32-bpm-detector/android-app/app/src/test/java/com/sparesparrow/bpmdetector/network/BPMApiClientTest.kt:89:31 Unresolved reference: MockResponse\ne: file:///home/sparrow/projects/embedded-systems/esp32-bpm-detector/android-app/app/src/test/java/com/sparesparrow/bpmdetector/network/BPMApiClientTest.kt:104:31 Unresolved reference: MockResponse\ne: file:///home/sparrow/projects/embedded-systems/esp32-bpm-detector/android-app/app/src/test/java/com/sparesparrow/bpmdetector/network/BPMApiClientTest.kt:105:31 Unresolved reference: MockResponse\ne: file:///home/sparrow/projects/embedded-systems/esp32-bpm-detector/android-app/app/src/test/java/com/sparesparrow/bpmdetector/network/BPMApiClientTest.kt:105:70 Unresolved reference: mockwebserver\ne: file:///home/sparrow/projects/embedded-systems/esp32-bpm-detector/android-app/app/src/test/java/com/sparesparrow/bpmdetector/network/BPMApiClientTest.kt:106:31 Unresolved reference: MockResponse\ne: file:///home/sparrow/projects/embedded-systems/esp32-bpm-detector/android-app/app/src/test/java/com/sparesparrow/bpmdetector/network/BPMApiClientTest.kt:130:31 Unresolved reference: MockResponse\ne: file:///home/sparrow/projects/embedded-systems/esp32-bpm-detector/android-app/app/src/test/java/com/sparesparrow/bpmdetector/network/BPMApiClientTest.kt:157:31 Unresolved reference: MockResponse\ne: file:///home/sparrow/projects/embedded-systems/esp32-bpm-detector/android-app/app/src/test/java/com/sparesparrow/bpmdetector/network/BPMApiClientTest.kt:182:31 Unresolved reference: MockResponse\ne: file:///home/sparrow/projects/embedded-systems/esp32-bpm-detector/android-app/app/src/test/java/com/sparesparrow/bpmdetector/network/BPMApiClientTest.kt:202:31 Unresolved reference: MockResponse\ne: file:///home/sparrow/projects/embedded-systems/esp32-bpm-detector/android-app/app/src/test/java/com/sparesparrow/bpmdetector/network/BPMApiClientTest.kt:292:31 Unresolved reference: MockResponse\ne: file:///home/sparrow/projects/embedded-systems/esp32-bpm-detector/android-app/app/src/test/java/com/sparesparrow/bpmdetector/viewmodels/BPMViewModelTest.kt:4:36 Unresolved reference: testing\ne: file:///home/sparrow/projects/embedded-systems/esp32-bpm-detector/android-app/app/src/test/java/com/sparesparrow/bpmdetector/viewmodels/BPMViewModelTest.kt:25:31 Unresolved reference: InstantTaskExecutorRule\ne: file:///home/sparrow/projects/embedded-systems/esp32-bpm-detector/android-app/app/src/test/java/com/sparesparrow/bpmdetector/viewmodels/BPMViewModelTest.kt:200:38 Cannot access '<init>': it is private in 'ConnectionStatus'\ne: file:///home/sparrow/projects/embedded-systems/esp32-bpm-detector/android-app/app/src/test/java/com/sparesparrow/bpmdetector/viewmodels/BPMViewModelTest.kt:200:38 Enum types cannot be instantiated\ne: file:///home/sparrow/projects/embedded-systems/esp32-bpm-detector/android-app/app/src/test/java/com/sparesparrow/bpmdetector/viewmodels/BPMViewModelTest.kt:200:55 Too many arguments for private constructor ConnectionStatus() defined in com.sparesparrow.bpmdetector.services.ConnectionStatus\ne: file:///home/sparrow/projects/embedded-systems/esp32-bpm-detector/android-app/app/src/test/java/com/sparesparrow/bpmdetector/viewmodels/BPMViewModelTest.kt:205:38 Cannot access '<init>': it is private in 'ConnectionStatus'\ne: file:///home/sparrow/projects/embedded-systems/esp32-bpm-detector/android-app/app/src/test/java/com/sparesparrow/bpmdetector/viewmodels/BPMViewModelTest.kt:205:38 Enum types cannot be instantiated\ne: file:///home/sparrow/projects/embedded-systems/esp32-bpm-detector/android-app/app/src/test/java/com/sparesparrow/bpmdetector/viewmodels/BPMViewModelTest.kt:205:55 Too many arguments for private constructor ConnectionStatus() defined in com.sparesparrow.bpmdetector.services.ConnectionStatus\ne: file:///home/sparrow/projects/embedded-systems/esp32-bpm-detector/android-app/app/src/test/java/com/sparesparrow/bpmdetector/viewmodels/BPMViewModelTest.kt:210:38 Cannot access '<init>': it is private in 'ConnectionStatus'\ne: file:///home/sparrow/projects/embedded-systems/esp32-bpm-detector/android-app/app/src/test/java/com/sparesparrow/bpmdetector/viewmodels/BPMViewModelTest.kt:210:38 Enum types cannot be instantiated\ne: file:///home/sparrow/projects/embedded-systems/esp32-bpm-detector/android-app/app/src/test/java/com/sparesparrow/bpmdetector/viewmodels/BPMViewModelTest.kt:210:55 Too many arguments for private constructor ConnectionStatus() defined in com.sparesparrow.bpmdetector.services.ConnectionStatus\ne: file:///home/sparrow/projects/embedded-systems/esp32-bpm-detector/android-app/app/src/test/java/com/sparesparrow/bpmdetector/viewmodels/BPMViewModelTest.kt:215:38 Cannot access '<init>': it is private in 'ConnectionStatus'\ne: file:///home/sparrow/projects/embedded-systems/esp32-bpm-detector/android-app/app/src/test/java/com/sparesparrow/bpmdetector/viewmodels/BPMViewModelTest.kt:215:38 Enum types cannot be instantiated\ne: file:///home/sparrow/projects/embedded-systems/esp32-bpm-detector/android-app/app/src/test/java/com/sparesparrow/bpmdetector/viewmodels/BPMViewModelTest.kt:215:55 Too many arguments for private constructor ConnectionStatus() defined in com.sparesparrow.bpmdetector.services.ConnectionStatus\ne: file:///home/sparrow/projects/embedded-systems/esp32-bpm-detector/android-app/app/src/test/java/com/sparesparrow/bpmdetector/viewmodels/BPMViewModelTest.kt:215:79 Too many arguments for private constructor ConnectionStatus() defined in com.sparesparrow.bpmdetector.services.ConnectionStatus\ne: file:///home/sparrow/projects/embedded-systems/esp32-bpm-detector/android-app/app/src/test/java/com/sparesparrow/bpmdetector/viewmodels/BPMViewModelTest.kt:246:5 Unresolved reference: TestWatcher\ne: file:///home/sparrow/projects/embedded-systems/esp32-bpm-detector/android-app/app/src/test/java/com/sparesparrow/bpmdetector/viewmodels/BPMViewModelTest.kt:248:5 'starting' overrides nothing\ne: file:///home/sparrow/projects/embedded-systems/esp32-bpm-detector/android-app/app/src/test/java/com/sparesparrow/bpmdetector/viewmodels/BPMViewModelTest.kt:248:40 Unresolved reference: Description\ne: file:///home/sparrow/projects/embedded-systems/esp32-bpm-detector/android-app/app/src/test/java/com/sparesparrow/bpmdetector/viewmodels/BPMViewModelTest.kt:252:5 'finished' overrides nothing\ne: file:///home/sparrow/projects/embedded-systems/esp32-bpm-detector/android-app/app/src/test/java/com/sparesparrow/bpmdetector/viewmodels/BPMViewModelTest.kt:252:40 Unresolved reference: Description\n\nFAILURE: Build completed with 2 failures.\n\n1: Task failed with an exception.\n-----------\n* What went wrong:\nExecution failed for task ':app:compileDebugUnitTestKotlin'.\n> A failure occurred while executing org.jetbrains.kotlin.compilerRunner.GradleCompilerRunnerWithWorkers$GradleKotlinCompilerWorkAction\n   > Compilation error. See log for more details\n\n* Try:\n> Run with --stacktrace option to get the stack trace.\n> Run with --info or --debug option to get more log output.\n> Run with --scan to get full insights.\n==============================================================================\n\n2: Task failed with an exception.\n-----------\n* What went wrong:\nExecution failed for task ':app:mergeReleaseResources'.\n> Multiple task action failures occurred:\n   > A failure occurred while executing com.android.build.gradle.internal.res.Aapt2CompileRunnable\n      > Android resource compilation failed\n        ERROR: /home/sparrow/projects/embedded-systems/esp32-bpm-detector/android-app/app/src/main/res/mipmap-mdpi/ic_launcher.png: AAPT: error: file failed to compile.\n            \n   > A failure occurred while executing com.android.build.gradle.internal.res.Aapt2CompileRunnable\n      > Android resource compilation failed\n        ERROR: /home/sparrow/projects/embedded-systems/esp32-bpm-detector/android-app/app/src/main/res/mipmap-mdpi/ic_launcher_round.png: AAPT: error: file failed to compile.\n            \n   > A failure occurred while executing com.android.build.gradle.internal.res.Aapt2CompileRunnable\n      > Android resource compilation failed\n        ERROR: /home/sparrow/projects/embedded-systems/esp32-bpm-detector/android-app/app/src/main/res/mipmap-hdpi/ic_launcher_round.png: AAPT: error: file failed to compile.\n            \n\n* Try:\n> Run with --stacktrace option to get the stack trace.\n> Run with --info or --debug option to get more log output.\n> Run with --scan to get full insights.\n==============================================================================\n\n* Get more help at https://help.gradle.org\n\nBUILD FAILED in 31s\n",
    "metrics": {
      "execution_time_ms": 33768.22352409363,
      "test_count": 0,
      "passed": 0,
      "failed": 0
    }
  },
  "e2e_test": {
    "success": false,
    "output": "\n============================================================\nEnd-to-End Test Results\n============================================================\nESP32: None\nAndroid: None\n\nTests:\n\nTotal Duration: 0.00s\nStatus: FAILED\n",
    "metrics": {
      "execution_time_ms": 2228.318929672241
    }
  },
  "improvements": [],
  "analysis": {
    "overall_success": false,
    "issues": [
      "Code Review failed",
      "ESP32 Test failed",
      "Android Test failed",
      "E2E Test failed"
    ],
    "improvements": [
      "Fix failing phases before next cycle"
    ],
    "metrics": {
      "total_time_ms": 140201.14827156067
    }
  }
}