{
  "cycle": 3,
  "timestamp": "2026-01-01T03:49:39.282123+00:00",
  "code_review": {
    "esp32": {
      "success": true,
      "output": "\nCompleted a code review of the ESP32 firmware. Summary:\n\n## Review Summary\n\n**Total Issues Found:** 45\n- \ud83d\udd34 **Critical:** 8 issues (immediate fixes needed)\n- \ud83d\udfe1 **High:** 12 issues (fix soon)\n- \ud83d\udfe2 **Medium:** 15 issues (improvements)\n- \u26aa **Low:** 10 issues (best practices)\n\n### Most Critical Issues\n\n1. Null pointer crash: `timer` used without initialization (line 502)\n2. Memory leak: FFT buffers allocated with `new` but may not be deleted\n3. Blocking delays: Using `delay()` instead of `vTaskDelay()` in FreeRTOS context\n4. Infinite loop: WiFi failure causes infinite blocking loop\n5. Race conditions: Log buffer access not thread-safe\n6. Heap fragmentation: String concatenation in API endpoints\n7. Missing error handling: FFT operations lack validation\n8. Memory leak: ADC calibration not freed on re-initialization\n\n### Key Findings\n\n**Memory Management:**\n- Multiple `new`/`delete` pairs that could leak\n- String concatenation causing heap fragmentation\n- Missing RAII patterns for resource management\n\n**FreeRTOS Safety:**\n- Blocking `delay()` calls blocking the scheduler\n- Missing task synchronization for shared state\n- Watchdog not fed during long operations\n\n**Error Handling:**\n- Missing null pointer checks\n- `begin()` methods don't return error status\n- No validation of buffer allocations\n\nThe full review document is saved to `ESP32_FIRMWARE_CODE_REVIEW_2025.md` with:\n- Detailed issue descriptions\n- Code examples showing problems\n- Recommended fixes\n- Priority recommendations\n- Testing suggestions\n\nShould I:\n1. Fix the critical issues immediately?\n2. Create a prioritized fix plan?\n3. Focus on specific areas (memory, FreeRTOS, error handling)?\n\nThe most urgent fix is the `timer` null pointer issue, which will crash on first `loop()` call.\n\nError (unhandledRejection): MCP error -32000: Connection closed\nMcpError: MCP error -32000: Connection closed\n    at Client._onclose (/home/sparrow/.local/share/cursor-agent/versions/2025.12.17-996666f/index.js:9668:23)\n    at _transport.onclose (/home/sparrow/.local/share/cursor-agent/versions/2025.12.17-996666f/index.js:9635:18)\n    at ChildProcess.<anonymous> (/home/sparrow/.local/share/cursor-agent/versions/2025.12.17-996666f/index.js:164716:77)\n    at ChildProcess.emit (node:events:507:28)\n    at ChildProcess.emit (node:domain:489:12)\n    at maybeClose (node:internal/child_process:1101:16)\n    at Socket.<anonymous> (node:internal/child_process:457:11)\n    at Socket.emit (node:events:507:28)\n    at Socket.emit (node:domain:489:12)\n    at Pipe.<anonymous> (node:net:346:12)\n",
      "metrics": {
        "execution_time_ms": 126918.07222366333,
        "exit_code": 0,
        "output_length": 2551
      },
      "issues_found": 1,
      "issues": [
        "Potential issues found in code review"
      ]
    },
    "android": {
      "success": true,
      "output": "\n## Summary\n\nCompleted a code review of the Android app. Findings:\n\n### Critical issues (5)\n1. Memory leak in MainActivity service connection \u2014 unsafe ViewModel access\n2. Potential NPE in BPMViewModel \u2014 unsafe casts\n3. Resource leak in LocalBPMDetector \u2014 incomplete cleanup\n4. Thread safety in BPMService \u2014 unsynchronized API client access\n5. Unsafe FlatBuffers deserialization \u2014 missing validation\n\n### Performance issues (4)\n1. Production logging enabled \u2014 `HttpLoggingInterceptor.Level.BODY` in production\n2. Inefficient Compose state updates \u2014 multiple `collectAsState()` calls\n3. Memory allocations in audio loop \u2014 array copies every frame\n4. Hard-coded delays \u2014 inefficient async patterns\n\n### Best practices (5)\n1. Missing network security config \u2014 cleartext traffic enabled globally\n2. Hard-coded IP addresses \u2014 should be in BuildConfig\n3. Missing error handling \u2014 WiFi operations incomplete\n4. Permission checks \u2014 Android 13+ handling missing\n5. Coroutine scope management \u2014 improper cancellation\n\n### Build configuration (4)\n1. Deprecated Accompanist permissions \u2014 should use native Compose APIs\n2. ProGuard disabled \u2014 code not obfuscated in release\n3. Missing BuildConfig fields \u2014 hard-coded values should be configurable\n4. Potentially outdated dependencies \u2014 needs review\n\nThe review document (`android-app/CODE_REVIEW_2025.md`) includes:\n- Detailed issue descriptions with code locations\n- Code examples showing the problems\n- Fixes with corrected code snippets\n- Prioritized recommendations\n- Testing recommendations\n\nQuick wins: disable production logging, add network security config, and fix the ViewModel access pattern. These can be addressed quickly and have high impact.\n\nShould I start implementing any of these fixes?\n\nError (unhandledRejection): MCP error -32000: Connection closed\nMcpError: MCP error -32000: Connection closed\n    at Client._onclose (/home/sparrow/.local/share/cursor-agent/versions/2025.12.17-996666f/index.js:9668:23)\n    at _transport.onclose (/home/sparrow/.local/share/cursor-agent/versions/2025.12.17-996666f/index.js:9635:18)\n    at ChildProcess.<anonymous> (/home/sparrow/.local/share/cursor-agent/versions/2025.12.17-996666f/index.js:164716:77)\n    at ChildProcess.emit (node:events:507:28)\n    at ChildProcess.emit (node:domain:489:12)\n    at maybeClose (node:internal/child_process:1101:16)\n    at Socket.<anonymous> (node:internal/child_process:457:11)\n    at Socket.emit (node:events:507:28)\n    at Socket.emit (node:domain:489:12)\n    at Pipe.<anonymous> (node:net:346:12)\n",
      "metrics": {
        "execution_time_ms": 140345.9906578064,
        "exit_code": 0,
        "output_length": 2530
      },
      "issues_found": 1,
      "issues": [
        "Potential issues found in code review"
      ]
    }
  },
  "esp32_build": {
    "success": true,
    "output": "Processing esp32-s3 (platform: espressif32@6.4.0; board: esp32-s3-devkitc-1; framework: arduino)\n--------------------------------------------------------------------------------\nLibrary Manager: Installing me-no-dev/ESPAsyncWebServer @ ^1.2.3\nUnpacking 0% 10% 20% 30% 40% 50% 60% 70% 80% 90% 100%\nLibrary Manager: ESP Async WebServer@1.2.4 has been installed!\nLibrary Manager: Resolving dependencies...\nVerbose mode can be enabled via `-v, --verbose` option\nCONFIGURATION: https://docs.platformio.org/page/boards/espressif32/esp32-s3-devkitc-1.html\nPLATFORM: Espressif 32 (6.4.0) > Espressif ESP32-S3-DevKitC-1-N8 (8 MB QD, No PSRAM)\nHARDWARE: ESP32S3 240MHz, 320KB RAM, 8MB Flash\nDEBUG: Current (esp-builtin) On-board (esp-builtin) External (cmsis-dap, esp-bridge, esp-prog, iot-bus-jtag, jlink, minimodule, olimex-arm-usb-ocd, olimex-arm-usb-ocd-h, olimex-arm-usb-tiny-h, olimex-jtag-tiny, tumpa)\nPACKAGES: \n - framework-arduinoespressif32 @ 3.20011.230801 (2.0.11) \n - tool-esptoolpy @ 1.40501.0 (4.5.1) \n - tool-openocd-esp32 @ 2.1100.20220706 (11.0) \n - toolchain-riscv32-esp @ 8.4.0+2021r2-patch5 \n - toolchain-xtensa-esp32s3 @ 8.4.0+2021r2-patch5\nLDF: Library Dependency Finder -> https://bit.ly/configure-pio-ldf\nLDF Modes: Finder ~ chain, Compatibility ~ soft\nLibrary Manager: Installing me-no-dev/ESPAsyncWebServer @ ^1.2.3\nUnpacking 0% 10% 20% 30% 40% 50% 60% 70% 80% 90% 100%\nLibrary Manager: ESP Async WebServer@1.2.4 has been installed!\nLibrary Manager: Resolving dependencies...\nLibrary Manager: Installing Hash\nFound 40 compatible libraries\nScanning dependencies...\nDependency Graph\n|-- arduinoFFT @ 1.6.2\n|-- ArduinoJson @ 6.21.5\n|-- flatbuffers @ 25.12.19+sha.8914d06\n|-- FastLED @ 3.10.3\n|-- WebServer @ 2.0.0\n|-- WiFi @ 2.0.0\n|-- Wire @ 2.0.0\n|-- ESP Async WebServer @ 1.2.4\n|-- ArduinoOTA @ 2.0.0\n|-- ESPmDNS @ 2.0.0\nBuilding in release mode\nRetrieving maximum program size .pio/build/esp32-s3/firmware.elf\nChecking size .pio/build/esp32-s3/firmware.elf\nAdvanced Memory Usage is available via \"PlatformIO Home > Project Inspect\"\nRAM:   [==        ]  22.3% (used 73144 bytes from 327680 bytes)\nFlash: [===       ]  26.2% (used 874133 bytes from 3342336 bytes)\n========================= [SUCCESS] Took 25.10 seconds =========================\n\nEnvironment    Status    Duration\n-------------  --------  ------------\nesp32-s3       SUCCESS   00:00:25.100\n========================= 1 succeeded in 00:00:25.100 =========================\n",
    "metrics": {
      "execution_time_ms": 26802.90126800537,
      "exit_code": 0,
      "build_size": "HARDWARE: ESP32S3 240MHz, 320KB RAM, 8MB Flash"
    },
    "environment": "esp32-s3"
  },
  "android_build": {
    "success": true,
    "output": "> Task :app:preBuild UP-TO-DATE\n> Task :app:preDebugBuild UP-TO-DATE\n> Task :app:mergeDebugNativeDebugMetadata NO-SOURCE\n> Task :app:checkKotlinGradlePluginConfigurationErrors\n> Task :app:dataBindingMergeDependencyArtifactsDebug UP-TO-DATE\n> Task :app:generateDebugResValues UP-TO-DATE\n> Task :app:generateDebugResources UP-TO-DATE\n> Task :app:mergeDebugResources UP-TO-DATE\n> Task :app:packageDebugResources UP-TO-DATE\n> Task :app:parseDebugLocalResources UP-TO-DATE\n> Task :app:dataBindingGenBaseClassesDebug UP-TO-DATE\n> Task :app:generateDebugBuildConfig UP-TO-DATE\n> Task :app:checkDebugAarMetadata UP-TO-DATE\n> Task :app:mapDebugSourceSetPaths UP-TO-DATE\n> Task :app:createDebugCompatibleScreenManifests UP-TO-DATE\n> Task :app:extractDeepLinksDebug UP-TO-DATE\n> Task :app:processDebugMainManifest UP-TO-DATE\n> Task :app:processDebugManifest UP-TO-DATE\n> Task :app:processDebugManifestForPackage UP-TO-DATE\n> Task :app:processDebugResources UP-TO-DATE\n> Task :app:kaptGenerateStubsDebugKotlin UP-TO-DATE\n> Task :app:kaptDebugKotlin SKIPPED\n> Task :app:compileDebugKotlin UP-TO-DATE\n> Task :app:javaPreCompileDebug UP-TO-DATE\n> Task :app:compileDebugJavaWithJavac UP-TO-DATE\n> Task :app:mergeDebugShaders UP-TO-DATE\n> Task :app:compileDebugShaders NO-SOURCE\n> Task :app:generateDebugAssets UP-TO-DATE\n> Task :app:mergeDebugAssets UP-TO-DATE\n> Task :app:compressDebugAssets UP-TO-DATE\n> Task :app:desugarDebugFileDependencies UP-TO-DATE\n> Task :app:dexBuilderDebug UP-TO-DATE\n> Task :app:mergeDebugGlobalSynthetics UP-TO-DATE\n> Task :app:processDebugJavaRes UP-TO-DATE\n> Task :app:mergeDebugJavaResource UP-TO-DATE\n> Task :app:checkDebugDuplicateClasses UP-TO-DATE\n> Task :app:mergeExtDexDebug UP-TO-DATE\n> Task :app:mergeLibDexDebug UP-TO-DATE\n> Task :app:mergeProjectDexDebug UP-TO-DATE\n> Task :app:mergeDebugJniLibFolders UP-TO-DATE\n> Task :app:mergeDebugNativeLibs NO-SOURCE\n> Task :app:stripDebugDebugSymbols NO-SOURCE\n> Task :app:validateSigningDebug UP-TO-DATE\n> Task :app:writeDebugAppMetadata UP-TO-DATE\n> Task :app:writeDebugSigningConfigVersions UP-TO-DATE\n> Task :app:packageDebug UP-TO-DATE\n> Task :app:createDebugApkListingFileRedirect UP-TO-DATE\n> Task :app:assembleDebug UP-TO-DATE\n\nBUILD SUCCESSFUL in 6s\n38 actionable tasks: 1 executed, 37 up-to-date\n",
    "metrics": {
      "execution_time_ms": 6941.75386428833,
      "exit_code": 0,
      "apk_path": "/home/sparrow/projects/embedded-systems/esp32-bpm-detector/android-app/app/build/outputs/apk/debug/app-debug.apk"
    },
    "build_type": "debug"
  },
  "esp32_test": {
    "success": false,
    "output": "ESP32 BPM Detector - Enhanced Test Runner\n============================================================\nPlatform: Linux x86_64\nPython: 3.12.3\n\n\ud83e\uddea Running Hardware Emulation Tests\n----------------------------------------\n\u274c Hardware emulation tests failed\n============================= test session starts ==============================\nplatform linux -- Python 3.12.3, pytest-9.0.2, pluggy-1.6.0 -- /home/sparrow/sparetools/packages/foundation/sparetools-base/test_env/bin/python\ncachedir: .pytest_cache\nrootdir: /home/sparrow/projects/embedded-systems/esp32-bpm-detector\nplugins: cov-7.0.0\ncollecting ... collected 0 items\nINTERNALERROR> Traceback (most recent call last):\nINTERNALERROR>   File \"/home/sparrow/projects/embedded-systems/esp32-bpm-detector/tests/integration/test_hardware_emulation.py\", line 24, in <module>\nINTERNALERROR>     from mcp.servers.python.unified_deployment.unified_deployment_mcp_server import HardwareEmulator\nINTERNALERROR> ModuleNotFoundError: No module named 'mcp'\nINTERNALERROR> \nINTERNALERROR> During handling of the above exception, another exception occurred:\nINTERNALERROR> \nINTERNALERROR> Traceback (most recent call last):\nINTERNALERROR>   File \"/home/sparrow/mcp/servers/python/unified_deployment/unified_deployment_mcp_server.py\", line 483, in <module>\nINTERNALERROR>     from mcp.server import FastMCP\nINTERNALERROR> ModuleNotFoundError: No module named 'mcp'\nINTERNALERROR> \nINTERNALERROR> During handling of the above exception, another exception occurred:\nINTERNALERROR> \nINTERNALERROR> Traceback (most recent call last):\nINTERNALERROR>   File \"/home/sparrow/sparetools/packages/foundation/sparetools-base/test_env/lib/python3.12/site-packages/_pytest/main.py\", line 318, in wrap_session\nINTERNALERROR>     session.exitstatus = doit(config, session) or 0\nINTERNALERROR>                          ^^^^^^^^^^^^^^^^^^^^^\nINTERNALERROR>   File \"/home/sparrow/sparetools/packages/foundation/sparetools-base/test_env/lib/python3.12/site-packages/_pytest/main.py\", line 371, in _main\nINTERNALERROR>     config.hook.pytest_collection(session=session)\nINTERNALERROR>   File \"/home/sparrow/sparetools/packages/foundation/sparetools-base/test_env/lib/python3.12/site-packages/pluggy/_hooks.py\", line 512, in __call__\nINTERNALERROR>     return self._hookexec(self.name, self._hookimpls.copy(), kwargs, firstresult)\nINTERNALERROR>            ^^^^^^^^^^^^^^^^^^^^^^^^^^^^^^^^^^^^^^^^^^^^^^^^^^^^^^^^^^^^^^^^^^^^^^\nINTERNALERROR>   File \"/home/sparrow/sparetools/packages/foundation/sparetools-base/test_env/lib/python3.12/site-packages/pluggy/_manager.py\", line 120, in _hookexec\nINTERNALERROR>     return self._inner_hookexec(hook_name, methods, kwargs, firstresult)\nINTERNALERROR>            ^^^^^^^^^^^^^^^^^^^^^^^^^^^^^^^^^^^^^^^^^^^^^^^^^^^^^^^^^^^^^\nINTERNALERROR>   File \"/home/sparrow/sparetools/packages/foundation/sparetools-base/test_env/lib/python3.12/site-packages/pluggy/_callers.py\", line 167, in _multicall\nINTERNALERROR>     raise exception\nINTERNALERROR>   File \"/home/sparrow/sparetools/packages/foundation/sparetools-base/test_env/lib/python3.12/site-packages/pluggy/_callers.py\", line 139, in _multicall\nINTERNALERROR>     teardown.throw(exception)\nINTERNALERROR>   File \"/home/sparrow/sparetools/packages/foundation/sparetools-base/test_env/lib/python3.12/site-packages/_pytest/logging.py\", line 788, in pytest_collection\nINTERNALERROR>     return (yield)\nINTERNALERROR>             ^^^^^\nINTERNALERROR>   File \"/home/sparrow/sparetools/packages/foundation/sparetools-base/test_env/lib/python3.12/site-packages/pluggy/_callers.py\", line 139, in _multicall\nINTERNALERROR>     teardown.throw(exception)\nINTERNALERROR>   File \"/home/sparrow/sparetools/packages/foundation/sparetools-base/test_env/lib/python3.12/site-packages/_pytest/warnings.py\", line 98, in pytest_collection\nINTERNALERROR>     return (yield)\nINTERNALERROR>             ^^^^^\nINTERNALERROR>   File \"/home/sparrow/sparetools/packages/foundation/sparetools-base/test_env/lib/python3.12/site-packages/pluggy/_callers.py\", line 139, in _multicall\nINTERNALERROR>     teardown.throw(exception)\nINTERNALERROR>   File \"/home/sparrow/sparetools/packages/foundation/sparetools-base/test_env/lib/python3.12/site-packages/_pytest/config/__init__.py\", line 1403, in pytest_collection\nINTERNALERROR>     return (yield)\nINTERNALERROR>             ^^^^^\nINTERNALERROR>   File \"/home/sparrow/sparetools/packages/foundation/sparetools-base/test_env/lib/python3.12/site-packages/pluggy/_callers.py\", line 121, in _multicall\nINTERNALERROR>     res = hook_impl.function(*args)\nINTERNALERROR>           ^^^^^^^^^^^^^^^^^^^^^^^^^\nINTERNALERROR>   File \"/home/sparrow/sparetools/packages/foundation/sparetools-base/test_env/lib/python3.12/site-packages/_pytest/main.py\", line 382, in pytest_collection\nINTERNALERROR>     session.perform_collect()\nINTERNALERROR>   File \"/home/sparrow/sparetools/packages/foundation/sparetools-base/test_env/lib/python3.12/site-packages/_pytest/main.py\", line 857, in perform_collect\nINTERNALERROR>     self.items.extend(self.genitems(node))\nINTERNALERROR>   File \"/home/sparrow/sparetools/packages/foundation/sparetools-base/test_env/lib/python3.12/site-packages/_pytest/main.py\", line 1020, in genitems\nINTERNALERROR>     rep, duplicate = self._collect_one_node(node, handle_dupes)\nINTERNALERROR>                      ^^^^^^^^^^^^^^^^^^^^^^^^^^^^^^^^^^^^^^^^^^\nINTERNALERROR>   File \"/home/sparrow/sparetools/packages/foundation/sparetools-base/test_env/lib/python3.12/site-packages/_pytest/main.py\", line 883, in _collect_one_node\nINTERNALERROR>     rep = collect_one_node(node)\nINTERNALERROR>           ^^^^^^^^^^^^^^^^^^^^^^\nINTERNALERROR>   File \"/home/sparrow/sparetools/packages/foundation/sparetools-base/test_env/lib/python3.12/site-packages/_pytest/runner.py\", line 576, in collect_one_node\nINTERNALERROR>     rep: CollectReport = ihook.pytest_make_collect_report(collector=collector)\nINTERNALERROR>                          ^^^^^^^^^^^^^^^^^^^^^^^^^^^^^^^^^^^^^^^^^^^^^^^^^^^^^\nINTERNALERROR>   File \"/home/sparrow/sparetools/packages/foundation/sparetools-base/test_env/lib/python3.12/site-packages/pluggy/_hooks.py\", line 512, in __call__\nINTERNALERROR>     return self._hookexec(self.name, self._hookimpls.copy(), kwargs, firstresult)\nINTERNALERROR>            ^^^^^^^^^^^^^^^^^^^^^^^^^^^^^^^^^^^^^^^^^^^^^^^^^^^^^^^^^^^^^^^^^^^^^^\nINTERNALERROR>   File \"/home/sparrow/sparetools/packages/foundation/sparetools-base/test_env/lib/python3.12/site-packages/pluggy/_manager.py\", line 120, in _hookexec\nINTERNALERROR>     return self._inner_hookexec(hook_name, methods, kwargs, firstresult)\nINTERNALERROR>            ^^^^^^^^^^^^^^^^^^^^^^^^^^^^^^^^^^^^^^^^^^^^^^^^^^^^^^^^^^^^^\nINTERNALERROR>   File \"/home/sparrow/sparetools/packages/foundation/sparetools-base/test_env/lib/python3.12/site-packages/pluggy/_callers.py\", line 167, in _multicall\nINTERNALERROR>     raise exception\nINTERNALERROR>   File \"/home/sparrow/sparetools/packages/foundation/sparetools-base/test_env/lib/python3.12/site-packages/pluggy/_callers.py\", line 139, in _multicall\nINTERNALERROR>     teardown.throw(exception)\nINTERNALERROR>   File \"/home/sparrow/sparetools/packages/foundation/sparetools-base/test_env/lib/python3.12/site-packages/_pytest/capture.py\", line 880, in pytest_make_collect_report\nINTERNALERROR>     rep = yield\nINTERNALERROR>           ^^^^^\nINTERNALERROR>   File \"/home/sparrow/sparetools/packages/foundation/sparetools-base/test_env/lib/python3.12/site-packages/pluggy/_callers.py\", line 121, in _multicall\nINTERNALERROR>     res = hook_impl.function(*args)\nINTERNALERROR>           ^^^^^^^^^^^^^^^^^^^^^^^^^\nINTERNALERROR>   File \"/home/sparrow/sparetools/packages/foundation/sparetools-base/test_env/lib/python3.12/site-packages/_pytest/runner.py\", line 400, in pytest_make_collect_report\nINTERNALERROR>     call = CallInfo.from_call(\nINTERNALERROR>            ^^^^^^^^^^^^^^^^^^^\nINTERNALERROR>   File \"/home/sparrow/sparetools/packages/foundation/sparetools-base/test_env/lib/python3.12/site-packages/_pytest/runner.py\", line 353, in from_call\nINTERNALERROR>     result: TResult | None = func()\nINTERNALERROR>                              ^^^^^^\nINTERNALERROR>   File \"/home/sparrow/sparetools/packages/foundation/sparetools-base/test_env/lib/python3.12/site-packages/_pytest/runner.py\", line 398, in collect\nINTERNALERROR>     return list(collector.collect())\nINTERNALERROR>                 ^^^^^^^^^^^^^^^^^^^\nINTERNALERROR>   File \"/home/sparrow/sparetools/packages/foundation/sparetools-base/test_env/lib/python3.12/site-packages/_pytest/python.py\", line 563, in collect\nINTERNALERROR>     self._register_setup_module_fixture()\nINTERNALERROR>   File \"/home/sparrow/sparetools/packages/foundation/sparetools-base/test_env/lib/python3.12/site-packages/_pytest/python.py\", line 576, in _register_setup_module_fixture\nINTERNALERROR>     self.obj, (\"setUpModule\", \"setup_module\")\nINTERNALERROR>     ^^^^^^^^\nINTERNALERROR>   File \"/home/sparrow/sparetools/packages/foundation/sparetools-base/test_env/lib/python3.12/site-packages/_pytest/python.py\", line 289, in obj\nINTERNALERROR>     self._obj = obj = self._getobj()\nINTERNALERROR>                       ^^^^^^^^^^^^^^\nINTERNALERROR>   File \"/home/sparrow/sparetools/packages/foundation/sparetools-base/test_env/lib/python3.12/site-packages/_pytest/python.py\", line 560, in _getobj\nINTERNALERROR>     return importtestmodule(self.path, self.config)\nINTERNALERROR>            ^^^^^^^^^^^^^^^^^^^^^^^^^^^^^^^^^^^^^^^^\nINTERNALERROR>   File \"/home/sparrow/sparetools/packages/foundation/sparetools-base/test_env/lib/python3.12/site-packages/_pytest/python.py\", line 507, in importtestmodule\nINTERNALERROR>     mod = import_path(\nINTERNALERROR>           ^^^^^^^^^^^^\nINTERNALERROR>   File \"/home/sparrow/sparetools/packages/foundation/sparetools-base/test_env/lib/python3.12/site-packages/_pytest/pathlib.py\", line 587, in import_path\nINTERNALERROR>     importlib.import_module(module_name)\nINTERNALERROR>   File \"/usr/lib/python3.12/importlib/__init__.py\", line 90, in import_module\nINTERNALERROR>     return _bootstrap._gcd_import(name[level:], package, level)\nINTERNALERROR>            ^^^^^^^^^^^^^^^^^^^^^^^^^^^^^^^^^^^^^^^^^^^^^^^^^^^^\nINTERNALERROR>   File \"<frozen importlib._bootstrap>\", line 1387, in _gcd_import\nINTERNALERROR>   File \"<frozen importlib._bootstrap>\", line 1360, in _find_and_load\nINTERNALERROR>   File \"<frozen importlib._bootstrap>\", line 1331, in _find_and_load_unlocked\nINTERNALERROR>   File \"<frozen importlib._bootstrap>\", line 935, in _load_unlocked\nINTERNALERROR>   File \"/home/sparrow/sparetools/packages/foundation/sparetools-base/test_env/lib/python3.12/site-packages/_pytest/assertion/rewrite.py\", line 197, in exec_module\nINTERNALERROR>     exec(co, module.__dict__)\nINTERNALERROR>   File \"/home/sparrow/projects/embedded-systems/esp32-bpm-detector/tests/integration/test_hardware_emulation.py\", line 30, in <module>\nINTERNALERROR>     from unified_deployment_mcp_server import HardwareEmulator\nINTERNALERROR>   File \"/home/sparrow/mcp/servers/python/unified_deployment/unified_deployment_mcp_server.py\", line 486, in <module>\nINTERNALERROR>     sys.exit(1)\nINTERNALERROR> SystemExit: 1\n\n============================ no tests ran in 0.66s =============================\n\nmainloop: caught unexpected SystemExit!\n\n\n============================================================\nTEST SUMMARY\n============================================================\nEMULATOR Tests: FAILED\n\nTest Suites: 1\nPassed: 0\nFailed: 1\nErrors: 0\n\n\u274c Some tests failed or had errors\n",
    "metrics": {
      "execution_time_ms": 4012.554883956909,
      "test_type": "emulator"
    },
    "device_port": null
  },
  "android_test": {
    "success": false,
    "output": "> Task :app:checkKotlinGradlePluginConfigurationErrors\n> Task :app:preBuild UP-TO-DATE\n> Task :app:preDebugBuild UP-TO-DATE\n> Task :app:dataBindingMergeDependencyArtifactsDebug UP-TO-DATE\n> Task :app:generateDebugResValues UP-TO-DATE\n> Task :app:generateDebugResources UP-TO-DATE\n> Task :app:mergeDebugResources UP-TO-DATE\n> Task :app:packageDebugResources UP-TO-DATE\n> Task :app:parseDebugLocalResources UP-TO-DATE\n> Task :app:dataBindingGenBaseClassesDebug UP-TO-DATE\n> Task :app:generateDebugBuildConfig UP-TO-DATE\n> Task :app:checkDebugAarMetadata UP-TO-DATE\n> Task :app:mapDebugSourceSetPaths UP-TO-DATE\n> Task :app:createDebugCompatibleScreenManifests UP-TO-DATE\n> Task :app:extractDeepLinksDebug UP-TO-DATE\n> Task :app:processDebugMainManifest UP-TO-DATE\n> Task :app:processDebugManifest UP-TO-DATE\n> Task :app:processDebugManifestForPackage UP-TO-DATE\n> Task :app:processDebugResources UP-TO-DATE\n> Task :app:kaptGenerateStubsDebugKotlin UP-TO-DATE\n> Task :app:kaptDebugKotlin SKIPPED\n> Task :app:compileDebugKotlin UP-TO-DATE\n> Task :app:javaPreCompileDebug UP-TO-DATE\n> Task :app:compileDebugJavaWithJavac UP-TO-DATE\n> Task :app:bundleDebugClassesToRuntimeJar UP-TO-DATE\n> Task :app:bundleDebugClassesToCompileJar UP-TO-DATE\n> Task :app:kaptGenerateStubsDebugUnitTestKotlin UP-TO-DATE\n> Task :app:kaptDebugUnitTestKotlin SKIPPED\n> Task :app:preDebugUnitTestBuild UP-TO-DATE\n> Task :app:javaPreCompileDebugUnitTest UP-TO-DATE\n> Task :app:processDebugJavaRes UP-TO-DATE\n> Task :app:buildKotlinToolingMetadata UP-TO-DATE\n> Task :app:preReleaseBuild UP-TO-DATE\n> Task :app:dataBindingMergeDependencyArtifactsRelease UP-TO-DATE\n> Task :app:generateReleaseResValues UP-TO-DATE\n> Task :app:generateReleaseResources UP-TO-DATE\n> Task :app:packageReleaseResources UP-TO-DATE\n> Task :app:parseReleaseLocalResources UP-TO-DATE\n> Task :app:generateReleaseBuildConfig UP-TO-DATE\n> Task :app:checkReleaseAarMetadata UP-TO-DATE\n> Task :app:mapReleaseSourceSetPaths UP-TO-DATE\n> Task :app:createReleaseCompatibleScreenManifests UP-TO-DATE\n> Task :app:extractDeepLinksRelease UP-TO-DATE\n> Task :app:processReleaseMainManifest UP-TO-DATE\n> Task :app:processReleaseManifest UP-TO-DATE\n> Task :app:processReleaseManifestForPackage UP-TO-DATE\n> Task :app:javaPreCompileRelease UP-TO-DATE\n> Task :app:preReleaseUnitTestBuild UP-TO-DATE\n> Task :app:javaPreCompileReleaseUnitTest UP-TO-DATE\n> Task :app:mergeReleaseResources FAILED\n\n> Task :app:compileDebugUnitTestKotlin FAILED\n42 actionable tasks: 3 executed, 39 up-to-date\ne: file:///home/sparrow/projects/embedded-systems/esp32-bpm-detector/android-app/app/src/test/java/com/sparesparrow/bpmdetector/network/BPMApiClientTest.kt:8:16 Unresolved reference: mockwebserver\ne: file:///home/sparrow/projects/embedded-systems/esp32-bpm-detector/android-app/app/src/test/java/com/sparesparrow/bpmdetector/network/BPMApiClientTest.kt:9:16 Unresolved reference: mockwebserver\ne: file:///home/sparrow/projects/embedded-systems/esp32-bpm-detector/android-app/app/src/test/java/com/sparesparrow/bpmdetector/network/BPMApiClientTest.kt:20:41 Unresolved reference: MockWebServer\ne: file:///home/sparrow/projects/embedded-systems/esp32-bpm-detector/android-app/app/src/test/java/com/sparesparrow/bpmdetector/network/BPMApiClientTest.kt:25:25 Unresolved reference: MockWebServer\ne: file:///home/sparrow/projects/embedded-systems/esp32-bpm-detector/android-app/app/src/test/java/com/sparesparrow/bpmdetector/network/BPMApiClientTest.kt:56:31 Unresolved reference: MockResponse\ne: file:///home/sparrow/projects/embedded-systems/esp32-bpm-detector/android-app/app/src/test/java/com/sparesparrow/bpmdetector/network/BPMApiClientTest.kt:74:31 Unresolved reference: MockResponse\ne: file:///home/sparrow/projects/embedded-systems/esp32-bpm-detector/android-app/app/src/test/java/com/sparesparrow/bpmdetector/network/BPMApiClientTest.kt:89:31 Unresolved reference: MockResponse\ne: file:///home/sparrow/projects/embedded-systems/esp32-bpm-detector/android-app/app/src/test/java/com/sparesparrow/bpmdetector/network/BPMApiClientTest.kt:104:31 Unresolved reference: MockResponse\ne: file:///home/sparrow/projects/embedded-systems/esp32-bpm-detector/android-app/app/src/test/java/com/sparesparrow/bpmdetector/network/BPMApiClientTest.kt:105:31 Unresolved reference: MockResponse\ne: file:///home/sparrow/projects/embedded-systems/esp32-bpm-detector/android-app/app/src/test/java/com/sparesparrow/bpmdetector/network/BPMApiClientTest.kt:105:70 Unresolved reference: mockwebserver\ne: file:///home/sparrow/projects/embedded-systems/esp32-bpm-detector/android-app/app/src/test/java/com/sparesparrow/bpmdetector/network/BPMApiClientTest.kt:106:31 Unresolved reference: MockResponse\ne: file:///home/sparrow/projects/embedded-systems/esp32-bpm-detector/android-app/app/src/test/java/com/sparesparrow/bpmdetector/network/BPMApiClientTest.kt:130:31 Unresolved reference: MockResponse\ne: file:///home/sparrow/projects/embedded-systems/esp32-bpm-detector/android-app/app/src/test/java/com/sparesparrow/bpmdetector/network/BPMApiClientTest.kt:157:31 Unresolved reference: MockResponse\ne: file:///home/sparrow/projects/embedded-systems/esp32-bpm-detector/android-app/app/src/test/java/com/sparesparrow/bpmdetector/network/BPMApiClientTest.kt:182:31 Unresolved reference: MockResponse\ne: file:///home/sparrow/projects/embedded-systems/esp32-bpm-detector/android-app/app/src/test/java/com/sparesparrow/bpmdetector/network/BPMApiClientTest.kt:202:31 Unresolved reference: MockResponse\ne: file:///home/sparrow/projects/embedded-systems/esp32-bpm-detector/android-app/app/src/test/java/com/sparesparrow/bpmdetector/network/BPMApiClientTest.kt:292:31 Unresolved reference: MockResponse\ne: file:///home/sparrow/projects/embedded-systems/esp32-bpm-detector/android-app/app/src/test/java/com/sparesparrow/bpmdetector/viewmodels/BPMViewModelTest.kt:4:36 Unresolved reference: testing\ne: file:///home/sparrow/projects/embedded-systems/esp32-bpm-detector/android-app/app/src/test/java/com/sparesparrow/bpmdetector/viewmodels/BPMViewModelTest.kt:25:31 Unresolved reference: InstantTaskExecutorRule\ne: file:///home/sparrow/projects/embedded-systems/esp32-bpm-detector/android-app/app/src/test/java/com/sparesparrow/bpmdetector/viewmodels/BPMViewModelTest.kt:200:38 Cannot access '<init>': it is private in 'ConnectionStatus'\ne: file:///home/sparrow/projects/embedded-systems/esp32-bpm-detector/android-app/app/src/test/java/com/sparesparrow/bpmdetector/viewmodels/BPMViewModelTest.kt:200:38 Enum types cannot be instantiated\ne: file:///home/sparrow/projects/embedded-systems/esp32-bpm-detector/android-app/app/src/test/java/com/sparesparrow/bpmdetector/viewmodels/BPMViewModelTest.kt:200:55 Too many arguments for private constructor ConnectionStatus() defined in com.sparesparrow.bpmdetector.services.ConnectionStatus\ne: file:///home/sparrow/projects/embedded-systems/esp32-bpm-detector/android-app/app/src/test/java/com/sparesparrow/bpmdetector/viewmodels/BPMViewModelTest.kt:205:38 Cannot access '<init>': it is private in 'ConnectionStatus'\ne: file:///home/sparrow/projects/embedded-systems/esp32-bpm-detector/android-app/app/src/test/java/com/sparesparrow/bpmdetector/viewmodels/BPMViewModelTest.kt:205:38 Enum types cannot be instantiated\ne: file:///home/sparrow/projects/embedded-systems/esp32-bpm-detector/android-app/app/src/test/java/com/sparesparrow/bpmdetector/viewmodels/BPMViewModelTest.kt:205:55 Too many arguments for private constructor ConnectionStatus() defined in com.sparesparrow.bpmdetector.services.ConnectionStatus\ne: file:///home/sparrow/projects/embedded-systems/esp32-bpm-detector/android-app/app/src/test/java/com/sparesparrow/bpmdetector/viewmodels/BPMViewModelTest.kt:210:38 Cannot access '<init>': it is private in 'ConnectionStatus'\ne: file:///home/sparrow/projects/embedded-systems/esp32-bpm-detector/android-app/app/src/test/java/com/sparesparrow/bpmdetector/viewmodels/BPMViewModelTest.kt:210:38 Enum types cannot be instantiated\ne: file:///home/sparrow/projects/embedded-systems/esp32-bpm-detector/android-app/app/src/test/java/com/sparesparrow/bpmdetector/viewmodels/BPMViewModelTest.kt:210:55 Too many arguments for private constructor ConnectionStatus() defined in com.sparesparrow.bpmdetector.services.ConnectionStatus\ne: file:///home/sparrow/projects/embedded-systems/esp32-bpm-detector/android-app/app/src/test/java/com/sparesparrow/bpmdetector/viewmodels/BPMViewModelTest.kt:215:38 Cannot access '<init>': it is private in 'ConnectionStatus'\ne: file:///home/sparrow/projects/embedded-systems/esp32-bpm-detector/android-app/app/src/test/java/com/sparesparrow/bpmdetector/viewmodels/BPMViewModelTest.kt:215:38 Enum types cannot be instantiated\ne: file:///home/sparrow/projects/embedded-systems/esp32-bpm-detector/android-app/app/src/test/java/com/sparesparrow/bpmdetector/viewmodels/BPMViewModelTest.kt:215:55 Too many arguments for private constructor ConnectionStatus() defined in com.sparesparrow.bpmdetector.services.ConnectionStatus\ne: file:///home/sparrow/projects/embedded-systems/esp32-bpm-detector/android-app/app/src/test/java/com/sparesparrow/bpmdetector/viewmodels/BPMViewModelTest.kt:215:79 Too many arguments for private constructor ConnectionStatus() defined in com.sparesparrow.bpmdetector.services.ConnectionStatus\ne: file:///home/sparrow/projects/embedded-systems/esp32-bpm-detector/android-app/app/src/test/java/com/sparesparrow/bpmdetector/viewmodels/BPMViewModelTest.kt:246:5 Unresolved reference: TestWatcher\ne: file:///home/sparrow/projects/embedded-systems/esp32-bpm-detector/android-app/app/src/test/java/com/sparesparrow/bpmdetector/viewmodels/BPMViewModelTest.kt:248:5 'starting' overrides nothing\ne: file:///home/sparrow/projects/embedded-systems/esp32-bpm-detector/android-app/app/src/test/java/com/sparesparrow/bpmdetector/viewmodels/BPMViewModelTest.kt:248:40 Unresolved reference: Description\ne: file:///home/sparrow/projects/embedded-systems/esp32-bpm-detector/android-app/app/src/test/java/com/sparesparrow/bpmdetector/viewmodels/BPMViewModelTest.kt:252:5 'finished' overrides nothing\ne: file:///home/sparrow/projects/embedded-systems/esp32-bpm-detector/android-app/app/src/test/java/com/sparesparrow/bpmdetector/viewmodels/BPMViewModelTest.kt:252:40 Unresolved reference: Description\n\nFAILURE: Build completed with 2 failures.\n\n1: Task failed with an exception.\n-----------\n* What went wrong:\nExecution failed for task ':app:mergeReleaseResources'.\n> Multiple task action failures occurred:\n   > A failure occurred while executing com.android.build.gradle.internal.res.Aapt2CompileRunnable\n      > Android resource compilation failed\n        ERROR: /home/sparrow/projects/embedded-systems/esp32-bpm-detector/android-app/app/src/main/res/mipmap-mdpi/ic_launcher.png: AAPT: error: file failed to compile.\n            \n   > A failure occurred while executing com.android.build.gradle.internal.res.Aapt2CompileRunnable\n      > Android resource compilation failed\n        ERROR: /home/sparrow/projects/embedded-systems/esp32-bpm-detector/android-app/app/src/main/res/mipmap-mdpi/ic_launcher_round.png: AAPT: error: file failed to compile.\n            \n   > A failure occurred while executing com.android.build.gradle.internal.res.Aapt2CompileRunnable\n      > Android resource compilation failed\n        ERROR: /home/sparrow/projects/embedded-systems/esp32-bpm-detector/android-app/app/src/main/res/mipmap-hdpi/ic_launcher_round.png: AAPT: error: file failed to compile.\n            \n\n* Try:\n> Run with --stacktrace option to get the stack trace.\n> Run with --info or --debug option to get more log output.\n> Run with --scan to get full insights.\n==============================================================================\n\n2: Task failed with an exception.\n-----------\n* What went wrong:\nExecution failed for task ':app:compileDebugUnitTestKotlin'.\n> A failure occurred while executing org.jetbrains.kotlin.compilerRunner.GradleCompilerRunnerWithWorkers$GradleKotlinCompilerWorkAction\n   > Compilation error. See log for more details\n\n* Try:\n> Run with --stacktrace option to get the stack trace.\n> Run with --info or --debug option to get more log output.\n> Run with --scan to get full insights.\n==============================================================================\n\n* Get more help at https://help.gradle.org\n\nBUILD FAILED in 31s\n",
    "metrics": {
      "execution_time_ms": 33304.69298362732,
      "test_count": 0,
      "passed": 0,
      "failed": 0
    }
  },
  "e2e_test": {
    "success": false,
    "output": "\n============================================================\nEnd-to-End Test Results\n============================================================\nESP32: None\nAndroid: None\n\nTests:\n\nTotal Duration: 0.00s\nStatus: FAILED\n",
    "metrics": {
      "execution_time_ms": 263.30018043518066
    }
  },
  "improvements": [],
  "analysis": {
    "overall_success": false,
    "issues": [
      "Code Review failed",
      "ESP32 Test failed",
      "Android Test failed",
      "E2E Test failed"
    ],
    "improvements": [
      "Fix failing phases before next cycle"
    ],
    "metrics": {
      "total_time_ms": 71325.20318031311
    }
  }
}